<?xml version="1.0" encoding="UTF-8"?>
<!-- Generated by org.testng.reporters.JUnitReportReporter -->
<testsuite hostname="SubhashiniPC" failures="0" tests="1" name="script.DemoTest" time="4.960" errors="0" timestamp="2023-09-12T19:46:27 IST" skipped="0">
  <testcase classname="script.DemoTest" name="testA" time="4.960">
    <system-out>
      <![CDATA[Google
RC:3
CC:3
valueUsername]]>
    </system-out>
  </testcase> <!-- testA -->
  <system-out>
    <![CDATA[Google
RC:3
CC:3
valueUsername]]>
  </system-out>
</testsuite> <!-- script.DemoTest -->
